2025-11-19 23:33:49,405 - INFO - Starting Data Processing and Model Training Pipeline....
2025-11-19 23:33:49,406 - INFO - Initializing Data Processing....
2025-11-19 23:33:49,406 - INFO - Starting Data Processing....
2025-11-19 23:34:29,305 - INFO - Anime List data loaded sucesfully for Data Processing
2025-11-19 23:34:43,945 - INFO - Filtered users with 1000+ ratings sucesfully....
2025-11-19 23:34:43,946 - INFO - Total rows = 26135607
2025-11-19 23:35:01,243 - INFO - Ratings scaled for Processing....
2025-11-19 23:35:03,145 - INFO - Encoding done for Users and Animes....
2025-11-19 23:35:11,385 - INFO - Data splitted successfully....
2025-11-19 23:35:11,387 - INFO - Test size = 20.0% of the whole data....
2025-11-19 23:35:11,569 - INFO - user2user_encoded saved sucesfully in processed directory
2025-11-19 23:35:11,648 - INFO - user2user_decoded saved sucesfully in processed directory
2025-11-19 23:35:11,726 - INFO - anim2anime_encoded saved sucesfully in processed directory
2025-11-19 23:35:11,797 - INFO - anim2anime_decoded saved sucesfully in processed directory
2025-11-19 23:36:24,839 - INFO - All the training testing data as well as rating_df is saved now....
2025-11-19 23:36:39,744 - INFO - DF AND SYNOPSIS_Df saved successfullyy...
2025-11-19 23:36:39,748 - INFO - Data Processing Pipeline Ran Successfully....
2025-11-19 23:36:53,092 - INFO - Initializing Model Training & COMET ML....
2025-11-19 23:36:54,918 - INFO - Data loaded successfully for Model Trainig....
2025-11-19 23:36:55,055 - INFO - Loaded configuration from config.yaml....
2025-11-19 23:36:55,526 - INFO - Model architecture created successfully....
2025-11-19 23:36:55,529 - INFO - Model training started.....
2025-11-19 23:37:39,768 - INFO - Model training Completed.....
2025-11-19 23:37:39,768 - WARNING - You are saving your model as an HDF5 file via `model.save()` or `keras.saving.save_model(model)`. This file format is considered legacy. We recommend using instead the native Keras format, e.g. `model.save('my_model.keras')` or `keras.saving.save_model(model, 'my_model.keras')`. 
2025-11-19 23:37:39,823 - INFO - Model saved to artifacts/model\model.h5
2025-11-19 23:37:39,828 - INFO - Extracting weights for user_embedding....
2025-11-19 23:37:39,832 - INFO - Extracting weights for anime_embedding....
2025-11-19 23:37:39,923 - INFO - User and Anime weights saved sucesfully....
2025-11-19 23:37:39,988 - INFO - Data Processing and Model Training Pipeline Executed Successfully....
